<?xml version="1.0" encoding="utf-8"?><testsuites name="pytest tests"><testsuite name="pytest" errors="0" failures="0" skipped="0" tests="22" time="5.612" timestamp="2026-02-21T09:00:24.883908+00:00" hostname="agent-env-345b6dc1-46c8-4548-9031-bf28197796cf"><testcase classname="backend.tests.test_iteration7_mobile_genesis.TestGenesisAPI" name="test_genesis_endpoint_returns_200" time="0.151" /><testcase classname="backend.tests.test_iteration7_mobile_genesis.TestGenesisAPI" name="test_genesis_has_chain_id" time="0.110" /><testcase classname="backend.tests.test_iteration7_mobile_genesis.TestGenesisAPI" name="test_genesis_has_chain_name" time="0.098" /><testcase classname="backend.tests.test_iteration7_mobile_genesis.TestGenesisAPI" name="test_genesis_has_validators" time="0.099" /><testcase classname="backend.tests.test_iteration7_mobile_genesis.TestGenesisAPI" name="test_genesis_validators_have_required_fields" time="0.109" /><testcase classname="backend.tests.test_iteration7_mobile_genesis.TestGenesisAPI" name="test_genesis_has_tokenomics" time="0.104" /><testcase classname="backend.tests.test_iteration7_mobile_genesis.TestGenesisAPI" name="test_genesis_has_staking_params" time="0.100" /><testcase classname="backend.tests.test_iteration7_mobile_genesis.TestGenesisAPI" name="test_genesis_has_consensus_params" time="0.128" /><testcase classname="backend.tests.test_iteration7_mobile_genesis.TestGenesisAPI" name="test_genesis_has_sentinel_params" time="0.105" /><testcase classname="backend.tests.test_iteration7_mobile_genesis.TestGenesisAPI" name="test_genesis_has_move_vm_params" time="0.101" /><testcase classname="backend.tests.test_iteration7_mobile_genesis.TestValidators20" name="test_validators_count_is_20" time="0.146" /><testcase classname="backend.tests.test_iteration7_mobile_genesis.TestValidators20" name="test_all_validators_active" time="0.108" /><testcase classname="backend.tests.test_iteration7_mobile_genesis.TestValidators20" name="test_validators_have_stake" time="0.103" /><testcase classname="backend.tests.test_iteration7_mobile_genesis.TestValidators20" name="test_validators_have_names" time="0.096" /><testcase classname="backend.tests.test_iteration7_mobile_genesis.TestBlockHeightRealTime" name="test_block_height_increases" time="3.228" /><testcase classname="backend.tests.test_iteration7_mobile_genesis.TestBlockHeightRealTime" name="test_blocks_endpoint_shows_recent_blocks" time="0.109" /><testcase classname="backend.tests.test_iteration7_mobile_genesis.TestBlockHeightRealTime" name="test_network_stats_has_height" time="0.095" /><testcase classname="backend.tests.test_iteration7_mobile_genesis.TestRegressionAPIs" name="test_health_endpoint" time="0.115" /><testcase classname="backend.tests.test_iteration7_mobile_genesis.TestRegressionAPIs" name="test_tokenomics_endpoint" time="0.117" /><testcase classname="backend.tests.test_iteration7_mobile_genesis.TestRegressionAPIs" name="test_sentinel_endpoint" time="0.100" /><testcase classname="backend.tests.test_iteration7_mobile_genesis.TestRegressionAPIs" name="test_mempool_endpoint" time="0.101" /><testcase classname="backend.tests.test_iteration7_mobile_genesis.TestRegressionAPIs" name="test_staking_stats_endpoint" time="0.102" /></testsuite></testsuites>