<?xml version="1.0" encoding="utf-8"?><testsuites name="pytest tests"><testsuite name="pytest" errors="0" failures="0" skipped="0" tests="17" time="12.965" timestamp="2026-02-21T07:59:36.215180+00:00" hostname="agent-env-345b6dc1-46c8-4548-9031-bf28197796cf"><testcase classname="backend.tests.test_persistence_unbonding.TestPersistence" name="test_persistence_api_returns_stats" time="0.214" /><testcase classname="backend.tests.test_persistence_unbonding.TestPersistence" name="test_blocks_are_persisted" time="3.267" /><testcase classname="backend.tests.test_persistence_unbonding.TestPersistence" name="test_blocks_endpoint_shows_persisted_flag" time="0.107" /><testcase classname="backend.tests.test_persistence_unbonding.TestPersistence" name="test_block_production_continues" time="5.274" /><testcase classname="backend.tests.test_persistence_unbonding.TestUnbonding" name="test_unstake_creates_unbonding_entry" time="0.580" /><testcase classname="backend.tests.test_persistence_unbonding.TestUnbonding" name="test_unbonding_entries_endpoint" time="0.443" /><testcase classname="backend.tests.test_persistence_unbonding.TestUnbonding" name="test_unbonding_entry_shows_remaining_days" time="0.422" /><testcase classname="backend.tests.test_persistence_unbonding.TestUnbonding" name="test_claim_unbonded_no_claimable" time="0.220" /><testcase classname="backend.tests.test_persistence_unbonding.TestUnbonding" name="test_claim_unbonded_with_fresh_unbonding" time="0.435" /><testcase classname="backend.tests.test_persistence_unbonding.TestUnbonding" name="test_staking_info_includes_unbonding" time="0.480" /><testcase classname="backend.tests.test_persistence_unbonding.TestUnbondingMultipleEntries" name="test_multiple_unstakes_create_multiple_entries" time="0.689" /><testcase classname="backend.tests.test_persistence_unbonding.TestStakingStatsWithUnbonding" name="test_staking_stats_shows_unbonding_period" time="0.108" /><testcase classname="backend.tests.test_persistence_unbonding.TestPreviousFeaturesStillWork" name="test_health_endpoint" time="0.108" /><testcase classname="backend.tests.test_persistence_unbonding.TestPreviousFeaturesStillWork" name="test_validators_endpoint" time="0.124" /><testcase classname="backend.tests.test_persistence_unbonding.TestPreviousFeaturesStillWork" name="test_wallet_creation" time="0.101" /><testcase classname="backend.tests.test_persistence_unbonding.TestPreviousFeaturesStillWork" name="test_sentinel_endpoint" time="0.112" /><testcase classname="backend.tests.test_persistence_unbonding.TestPreviousFeaturesStillWork" name="test_tokenomics_endpoint" time="0.103" /></testsuite></testsuites>