<?xml version="1.0" encoding="utf-8"?><testsuites name="pytest tests"><testsuite name="pytest" errors="0" failures="0" skipped="0" tests="53" time="19.599" timestamp="2026-02-21T08:01:02.529470+00:00" hostname="agent-env-345b6dc1-46c8-4548-9031-bf28197796cf"><testcase classname="backend.tests.test_jasprchain_api.TestHealthAndNetwork" name="test_health_endpoint" time="0.159" /><testcase classname="backend.tests.test_jasprchain_api.TestHealthAndNetwork" name="test_network_stats" time="0.104" /><testcase classname="backend.tests.test_jasprchain_api.TestHealthAndNetwork" name="test_tps_endpoint" time="0.105" /><testcase classname="backend.tests.test_jasprchain_api.TestTokenomics" name="test_tokenomics_endpoint" time="0.101" /><testcase classname="backend.tests.test_jasprchain_api.TestTokenomics" name="test_tokenomics_distribution_percentages" time="0.113" /><testcase classname="backend.tests.test_jasprchain_api.TestTokenomics" name="test_tokenomics_initial_distribution_amounts" time="0.103" /><testcase classname="backend.tests.test_jasprchain_api.TestTokenomics" name="test_tokenomics_treasury_addresses" time="0.102" /><testcase classname="backend.tests.test_jasprchain_api.TestTokenomics" name="test_circulating_supply_increases_with_wallets" time="0.315" /><testcase classname="backend.tests.test_jasprchain_api.TestValidators" name="test_get_all_validators" time="0.105" /><testcase classname="backend.tests.test_jasprchain_api.TestValidators" name="test_get_single_validator" time="0.118" /><testcase classname="backend.tests.test_jasprchain_api.TestValidators" name="test_get_nonexistent_validator" time="0.110" /><testcase classname="backend.tests.test_jasprchain_api.TestStaking" name="test_staking_validators_endpoint" time="0.102" /><testcase classname="backend.tests.test_jasprchain_api.TestStaking" name="test_staking_stats_overview" time="0.099" /><testcase classname="backend.tests.test_jasprchain_api.TestStaking" name="test_stake_tokens" time="0.328" /><testcase classname="backend.tests.test_jasprchain_api.TestStaking" name="test_unstake_tokens" time="0.441" /><testcase classname="backend.tests.test_jasprchain_api.TestStaking" name="test_stake_insufficient_balance" time="0.217" /><testcase classname="backend.tests.test_jasprchain_api.TestStaking" name="test_unstake_insufficient_stake" time="0.208" /><testcase classname="backend.tests.test_jasprchain_api.TestStaking" name="test_dynamic_apy_calculation" time="0.107" /><testcase classname="backend.tests.test_jasprchain_api.TestWallets" name="test_create_wallet" time="0.107" /><testcase classname="backend.tests.test_jasprchain_api.TestWallets" name="test_wallet_receives_10000_jaspr" time="0.234" /><testcase classname="backend.tests.test_jasprchain_api.TestWallets" name="test_get_wallet_details" time="0.202" /><testcase classname="backend.tests.test_jasprchain_api.TestWallets" name="test_get_wallet_balance" time="0.223" /><testcase classname="backend.tests.test_jasprchain_api.TestBlocks" name="test_get_blocks" time="0.105" /><testcase classname="backend.tests.test_jasprchain_api.TestBlocks" name="test_get_genesis_block" time="0.132" /><testcase classname="backend.tests.test_jasprchain_api.TestBlocks" name="test_get_nonexistent_block" time="0.102" /><testcase classname="backend.tests.test_jasprchain_api.TestSentinel" name="test_get_sentinel_status" time="0.105" /><testcase classname="backend.tests.test_jasprchain_api.TestSentinel" name="test_get_sentinel_stats" time="0.105" /><testcase classname="backend.tests.test_jasprchain_api.TestSentinel" name="test_get_quarantine" time="0.100" /><testcase classname="backend.tests.test_jasprchain_api.TestSentinel" name="test_set_sentinel_mode" time="0.337" /><testcase classname="backend.tests.test_jasprchain_api.TestMempool" name="test_get_mempool_stats" time="0.101" /><testcase classname="backend.tests.test_jasprchain_api.TestTransactions" name="test_transfer_transaction" time="0.343" /><testcase classname="backend.tests.test_jasprchain_api.TestTokenSymbol" name="test_wallet_balance_shows_jaspr" time="0.207" /><testcase classname="backend.tests.test_jasprchain_api.TestTokenSymbol" name="test_staking_stats_shows_jaspr" time="0.109" /><testcase classname="backend.tests.test_jasprchain_api.TestTokenSymbol" name="test_validators_stake_shows_jaspr" time="0.104" /><testcase classname="backend.tests.test_jasprchain_api.TestTokenSymbol" name="test_tokenomics_shows_jaspr" time="0.135" /><testcase classname="backend.tests.test_jasprchain_api.TestFullStakingFlow" name="test_full_staking_flow" time="1.037" /><testcase classname="backend.tests.test_persistence_unbonding.TestPersistence" name="test_persistence_api_returns_stats" time="0.103" /><testcase classname="backend.tests.test_persistence_unbonding.TestPersistence" name="test_blocks_are_persisted" time="3.211" /><testcase classname="backend.tests.test_persistence_unbonding.TestPersistence" name="test_blocks_endpoint_shows_persisted_flag" time="0.376" /><testcase classname="backend.tests.test_persistence_unbonding.TestPersistence" name="test_block_production_continues" time="5.232" /><testcase classname="backend.tests.test_persistence_unbonding.TestUnbonding" name="test_unstake_creates_unbonding_entry" time="0.566" /><testcase classname="backend.tests.test_persistence_unbonding.TestUnbonding" name="test_unbonding_entries_endpoint" time="0.433" /><testcase classname="backend.tests.test_persistence_unbonding.TestUnbonding" name="test_unbonding_entry_shows_remaining_days" time="0.470" /><testcase classname="backend.tests.test_persistence_unbonding.TestUnbonding" name="test_claim_unbonded_no_claimable" time="0.210" /><testcase classname="backend.tests.test_persistence_unbonding.TestUnbonding" name="test_claim_unbonded_with_fresh_unbonding" time="0.432" /><testcase classname="backend.tests.test_persistence_unbonding.TestUnbonding" name="test_staking_info_includes_unbonding" time="0.440" /><testcase classname="backend.tests.test_persistence_unbonding.TestUnbondingMultipleEntries" name="test_multiple_unstakes_create_multiple_entries" time="0.682" /><testcase classname="backend.tests.test_persistence_unbonding.TestStakingStatsWithUnbonding" name="test_staking_stats_shows_unbonding_period" time="0.103" /><testcase classname="backend.tests.test_persistence_unbonding.TestPreviousFeaturesStillWork" name="test_health_endpoint" time="0.122" /><testcase classname="backend.tests.test_persistence_unbonding.TestPreviousFeaturesStillWork" name="test_validators_endpoint" time="0.096" /><testcase classname="backend.tests.test_persistence_unbonding.TestPreviousFeaturesStillWork" name="test_wallet_creation" time="0.106" /><testcase classname="backend.tests.test_persistence_unbonding.TestPreviousFeaturesStillWork" name="test_sentinel_endpoint" time="0.098" /><testcase classname="backend.tests.test_persistence_unbonding.TestPreviousFeaturesStillWork" name="test_tokenomics_endpoint" time="0.108" /></testsuite></testsuites>