<?xml version="1.0" encoding="utf-8"?><testsuites name="pytest tests"><testsuite name="pytest" errors="0" failures="0" skipped="0" tests="27" time="4.854" timestamp="2026-02-21T05:50:32.267471+00:00" hostname="agent-env-345b6dc1-46c8-4548-9031-bf28197796cf"><testcase classname="backend.tests.test_jasprchain_api.TestHealthAndNetwork" name="test_health_endpoint" time="0.205" /><testcase classname="backend.tests.test_jasprchain_api.TestHealthAndNetwork" name="test_network_stats" time="0.136" /><testcase classname="backend.tests.test_jasprchain_api.TestHealthAndNetwork" name="test_tps_endpoint" time="0.126" /><testcase classname="backend.tests.test_jasprchain_api.TestValidators" name="test_get_all_validators" time="0.122" /><testcase classname="backend.tests.test_jasprchain_api.TestValidators" name="test_get_single_validator" time="0.105" /><testcase classname="backend.tests.test_jasprchain_api.TestValidators" name="test_get_nonexistent_validator" time="0.104" /><testcase classname="backend.tests.test_jasprchain_api.TestStaking" name="test_staking_validators_endpoint" time="0.111" /><testcase classname="backend.tests.test_jasprchain_api.TestStaking" name="test_staking_stats_overview" time="0.110" /><testcase classname="backend.tests.test_jasprchain_api.TestStaking" name="test_stake_tokens" time="0.397" /><testcase classname="backend.tests.test_jasprchain_api.TestStaking" name="test_unstake_tokens" time="0.470" /><testcase classname="backend.tests.test_jasprchain_api.TestStaking" name="test_stake_insufficient_balance" time="0.222" /><testcase classname="backend.tests.test_jasprchain_api.TestStaking" name="test_unstake_insufficient_stake" time="0.234" /><testcase classname="backend.tests.test_jasprchain_api.TestWallets" name="test_create_wallet" time="0.098" /><testcase classname="backend.tests.test_jasprchain_api.TestWallets" name="test_get_wallet_details" time="0.199" /><testcase classname="backend.tests.test_jasprchain_api.TestWallets" name="test_get_wallet_balance" time="0.215" /><testcase classname="backend.tests.test_jasprchain_api.TestBlocks" name="test_get_blocks" time="0.103" /><testcase classname="backend.tests.test_jasprchain_api.TestBlocks" name="test_get_genesis_block" time="0.100" /><testcase classname="backend.tests.test_jasprchain_api.TestBlocks" name="test_get_nonexistent_block" time="0.107" /><testcase classname="backend.tests.test_jasprchain_api.TestSentinel" name="test_get_sentinel_status" time="0.111" /><testcase classname="backend.tests.test_jasprchain_api.TestSentinel" name="test_get_sentinel_stats" time="0.101" /><testcase classname="backend.tests.test_jasprchain_api.TestSentinel" name="test_get_quarantine" time="0.101" /><testcase classname="backend.tests.test_jasprchain_api.TestSentinel" name="test_set_sentinel_mode" time="0.342" /><testcase classname="backend.tests.test_jasprchain_api.TestMempool" name="test_get_mempool_stats" time="0.111" /><testcase classname="backend.tests.test_jasprchain_api.TestTransactions" name="test_transfer_transaction" time="0.334" /><testcase classname="backend.tests.test_jasprchain_api.TestTokenSymbol" name="test_wallet_balance_shows_jsp" time="0.209" /><testcase classname="backend.tests.test_jasprchain_api.TestTokenSymbol" name="test_staking_stats_shows_jsp" time="0.096" /><testcase classname="backend.tests.test_jasprchain_api.TestTokenSymbol" name="test_validators_stake_shows_jsp" time="0.109" /></testsuite></testsuites>